ApplyJetCalibration-00-03-03
ApplyJetResolutionSmearing-00-01-01
egammaAnalysisUtils-00-04-58
egammaEvent-04-00-03
ElectronEfficiencyCorrection-00-00-50
ggFReweighting-00-00-13
GoodRunsLists-00-01-09
HSG4TriggerSF-00-00-08
JetResolution-02-00-03
JetUncertainties-00-08-07
MissingETUtility-01-02-07
MissingMassCalculator-00-00-15-03
MuonEfficiencyCorrections-02-01-19-01
MuonMomentumCorrections-00-09-08-01
PATCore-00-00-16
PileupReweighting-00-02-12
TauCorrUncert-00-00-13-01
TauDiscriminant-01-07-46
TauTriggerEmulation
TileTripReader-00-00-19
TrigMuonEfficiency-00-02-48
TrigRootAnalysis-00-01-05
VBFFilterOLR-00-00-04
JVFUncertaintyTool-00-00-03
MuonIsolationCorrection-01-01
HSG4LepLepTriggerSF-00-06-01
EmbeddedCorrections-00-00-15
TrigTauEfficiency-00-00-04
# last 2011 tag
TauTriggerCorrections-00-00-02
BCHCleaningTool-00-00-07
HtautauCPAna